
POST -- /api/blog/del -- PostmanRuntime/7.32.2 -- Wed May 17 2023 14:21:34 GMT+0800 (中国标准时间)
POST -- /api/user/login -- PostmanRuntime/7.32.2 -- Wed May 17 2023 14:22:19 GMT+0800 (中国标准时间)
POST -- /api/blog/del -- PostmanRuntime/7.32.2 -- Wed May 17 2023 14:22:31 GMT+0800 (中国标准时间)
POST -- /api/blog/del -- PostmanRuntime/7.32.2 -- Wed May 17 2023 14:22:31 GMT+0800 (中国标准时间)
GET -- /api/blog/del -- Mozilla/5.0 (Windows NT 10.0; Win64; x64) AppleWebKit/537.36 (KHTML, like Gecko) Chrome/113.0.0.0 Safari/537.36 -- Wed May 17 2023 14:23:43 GMT+0800 (中国标准时间)
GET -- /favicon.ico -- Mozilla/5.0 (Windows NT 10.0; Win64; x64) AppleWebKit/537.36 (KHTML, like Gecko) Chrome/113.0.0.0 Safari/537.36 -- Wed May 17 2023 14:23:44 GMT+0800 (中国标准时间)
GET -- /api/blog/list -- Mozilla/5.0 (Windows NT 10.0; Win64; x64) AppleWebKit/537.36 (KHTML, like Gecko) Chrome/113.0.0.0 Safari/537.36 -- Wed May 17 2023 14:23:51 GMT+0800 (中国标准时间)

POST -- /api/blog/del -- PostmanRuntime/7.32.2 -- Wed May 17 2023 15:38:03 GMT+0800 (中国标准时间)
POST -- /api/blog/del -- PostmanRuntime/7.32.2 -- Wed May 17 2023 15:38:22 GMT+0800 (中国标准时间)
POST -- /api/blog/del -- PostmanRuntime/7.32.2 -- Wed May 17 2023 15:38:23 GMT+0800 (中国标准时间)
POST -- /api/user/login -- PostmanRuntime/7.32.2 -- Thu May 18 2023 10:17:50 GMT+0800 (中国标准时间)
POST -- /api/user/login -- PostmanRuntime/7.32.2 -- Thu May 18 2023 10:18:01 GMT+0800 (中国标准时间)
POST -- /api/user/login -- PostmanRuntime/7.32.2 -- Thu May 18 2023 10:19:20 GMT+0800 (中国标准时间)
POST -- /api/user/login -- PostmanRuntime/7.32.2 -- Thu May 18 2023 10:20:57 GMT+0800 (中国标准时间)
POST -- /api/user/login -- PostmanRuntime/7.32.2 -- Thu May 18 2023 10:24:27 GMT+0800 (中国标准时间)
POST -- /api/user/login -- PostmanRuntime/7.32.2 -- Thu May 18 2023 10:24:32 GMT+0800 (中国标准时间)
POST -- /api/user/login -- PostmanRuntime/7.32.2 -- Thu May 18 2023 10:24:37 GMT+0800 (中国标准时间)
POST -- /api/user/login -- PostmanRuntime/7.32.2 -- Thu May 18 2023 10:26:40 GMT+0800 (中国标准时间)
POST -- /api/user/login -- PostmanRuntime/7.32.2 -- Thu May 18 2023 10:27:10 GMT+0800 (中国标准时间)
POST -- /api/user/login -- PostmanRuntime/7.32.2 -- Thu May 18 2023 10:27:19 GMT+0800 (中国标准时间)
POST -- /api/user/login -- PostmanRuntime/7.32.2 -- Thu May 18 2023 10:27:26 GMT+0800 (中国标准时间)
POST -- /api/user/login -- PostmanRuntime/7.32.2 -- Thu May 18 2023 10:27:50 GMT+0800 (中国标准时间)
POST -- /api/user/login -- PostmanRuntime/7.32.2 -- Thu May 18 2023 10:28:19 GMT+0800 (中国标准时间)
POST -- /api/user/login -- PostmanRuntime/7.32.2 -- Thu May 18 2023 10:28:36 GMT+0800 (中国标准时间)
POST -- /api/user/login -- PostmanRuntime/7.32.2 -- Thu May 18 2023 10:28:57 GMT+0800 (中国标准时间)
